# JRE version: OpenJDK Runtime Environment (8.0_312-b07) (build 1.8.0_312-8u312-b07-0ubuntu1~20.04-b07)
# Java VM: OpenJDK 64-Bit Server VM (25.312-b07 mixed mode linux-amd64 compressed oops)
Heap:
 PSYoungGen      total 129536K, used 27498K [0x00000000d7700000, 0x00000000e2480000, 0x0000000100000000)
  eden space 122368K, 16% used [0x00000000d7700000,0x00000000d8adabb0,0x00000000dee80000)
  from space 7168K, 99% used [0x00000000dee80000,0x00000000df57ff90,0x00000000df580000)
  to   space 8704K, 0% used [0x00000000e1c00000,0x00000000e1c00000,0x00000000e2480000)
 ParOldGen       total 46592K, used 7096K [0x0000000086400000, 0x0000000089180000, 0x00000000d7700000)
  object space 46592K, 15% used [0x0000000086400000,0x0000000086aee268,0x0000000089180000)
 Metaspace       used 28007K, capacity 28902K, committed 29184K, reserved 1075200K
  class space    used 3547K, capacity 3735K, committed 3840K, reserved 1048576K
GC Heap History (10 events):
Event: 3.986 GC heap before
{Heap before GC invocations=6 (full 0):
 PSYoungGen      total 36352K, used 36331K [0x00000000d7700000, 0x00000000dc100000, 0x0000000100000000)
  eden space 31232K, 100% used [0x00000000d7700000,0x00000000d9580000,0x00000000d9580000)
  from space 5120K, 99% used [0x00000000d9580000,0x00000000d9a7afb0,0x00000000d9a80000)
  to   space 6656K, 0% used [0x00000000dba80000,0x00000000dba80000,0x00000000dc100000)
 ParOldGen       total 83456K, used 509K [0x0000000086400000, 0x000000008b580000, 0x00000000d7700000)
  object space 83456K, 0% used [0x0000000086400000,0x000000008647f6e0,0x000000008b580000)
 Metaspace       used 19625K, capacity 20184K, committed 20352K, reserved 1067008K
  class space    used 2466K, capacity 2602K, committed 2688K, reserved 1048576K
Event: 3.993 GC heap after
Heap after GC invocations=6 (full 0):
 PSYoungGen      total 68608K, used 6430K [0x00000000d7700000, 0x00000000dc200000, 0x0000000100000000)
  eden space 61952K, 0% used [0x00000000d7700000,0x00000000d7700000,0x00000000db380000)
  from space 6656K, 96% used [0x00000000dba80000,0x00000000dc0c79c8,0x00000000dc100000)
  to   space 7168K, 0% used [0x00000000db380000,0x00000000db380000,0x00000000dba80000)
 ParOldGen       total 83456K, used 517K [0x0000000086400000, 0x000000008b580000, 0x00000000d7700000)
  object space 83456K, 0% used [0x0000000086400000,0x00000000864816e0,0x000000008b580000)
 Metaspace       used 19625K, capacity 20184K, committed 20352K, reserved 1067008K
  class space    used 2466K, capacity 2602K, committed 2688K, reserved 1048576K
}
Event: 4.109 GC heap before
{Heap before GC invocations=7 (full 0):
 PSYoungGen      total 68608K, used 26836K [0x00000000d7700000, 0x00000000dc200000, 0x0000000100000000)
  eden space 61952K, 32% used [0x00000000d7700000,0x00000000d8aed8c0,0x00000000db380000)
  from space 6656K, 96% used [0x00000000dba80000,0x00000000dc0c79c8,0x00000000dc100000)
  to   space 7168K, 0% used [0x00000000db380000,0x00000000db380000,0x00000000dba80000)
 ParOldGen       total 83456K, used 517K [0x0000000086400000, 0x000000008b580000, 0x00000000d7700000)
  object space 83456K, 0% used [0x0000000086400000,0x00000000864816e0,0x000000008b580000)
 Metaspace       used 20537K, capacity 21126K, committed 21248K, reserved 1067008K
  class space    used 2542K, capacity 2699K, committed 2816K, reserved 1048576K
Event: 4.118 GC heap after
Heap after GC invocations=7 (full 0):
 PSYoungGen      total 69120K, used 3441K [0x00000000d7700000, 0x00000000dfe00000, 0x0000000100000000)
  eden space 61952K, 0% used [0x00000000d7700000,0x00000000d7700000,0x00000000db380000)
  from space 7168K, 48% used [0x00000000db380000,0x00000000db6dc6b0,0x00000000dba80000)
  to   space 7168K, 0% used [0x00000000df700000,0x00000000df700000,0x00000000dfe00000)
 ParOldGen       total 83456K, used 3143K [0x0000000086400000, 0x000000008b580000, 0x00000000d7700000)
  object space 83456K, 3% used [0x0000000086400000,0x0000000086711c48,0x000000008b580000)
 Metaspace       used 20537K, capacity 21126K, committed 21248K, reserved 1067008K
  class space    used 2542K, capacity 2699K, committed 2816K, reserved 1048576K
}
Event: 4.118 GC heap before
{Heap before GC invocations=8 (full 1):
 PSYoungGen      total 69120K, used 3441K [0x00000000d7700000, 0x00000000dfe00000, 0x0000000100000000)
  eden space 61952K, 0% used [0x00000000d7700000,0x00000000d7700000,0x00000000db380000)
  from space 7168K, 48% used [0x00000000db380000,0x00000000db6dc6b0,0x00000000dba80000)
  to   space 7168K, 0% used [0x00000000df700000,0x00000000df700000,0x00000000dfe00000)
 ParOldGen       total 83456K, used 3143K [0x0000000086400000, 0x000000008b580000, 0x00000000d7700000)
  object space 83456K, 3% used [0x0000000086400000,0x0000000086711c48,0x000000008b580000)
 Metaspace       used 20537K, capacity 21126K, committed 21248K, reserved 1067008K
  class space    used 2542K, capacity 2699K, committed 2816K, reserved 1048576K
Event: 4.152 GC heap after
Heap after GC invocations=8 (full 1):
 PSYoungGen      total 69120K, used 0K [0x00000000d7700000, 0x00000000dfe00000, 0x0000000100000000)
  eden space 61952K, 0% used [0x00000000d7700000,0x00000000d7700000,0x00000000db380000)
  from space 7168K, 0% used [0x00000000db380000,0x00000000db380000,0x00000000dba80000)
  to   space 7168K, 0% used [0x00000000df700000,0x00000000df700000,0x00000000dfe00000)
 ParOldGen       total 46592K, used 5978K [0x0000000086400000, 0x0000000089180000, 0x00000000d7700000)
  object space 46592K, 12% used [0x0000000086400000,0x00000000869d6a68,0x0000000089180000)
 Metaspace       used 20535K, capacity 21120K, committed 21248K, reserved 1067008K
  class space    used 2542K, capacity 2698K, committed 2816K, reserved 1048576K
}
Event: 4.375 GC heap before
{Heap before GC invocations=9 (full 1):
 PSYoungGen      total 69120K, used 61952K [0x00000000d7700000, 0x00000000dfe00000, 0x0000000100000000)
  eden space 61952K, 100% used [0x00000000d7700000,0x00000000db380000,0x00000000db380000)
  from space 7168K, 0% used [0x00000000db380000,0x00000000db380000,0x00000000dba80000)
  to   space 7168K, 0% used [0x00000000df700000,0x00000000df700000,0x00000000dfe00000)
 ParOldGen       total 46592K, used 5978K [0x0000000086400000, 0x0000000089180000, 0x00000000d7700000)
  object space 46592K, 12% used [0x0000000086400000,0x00000000869d6a68,0x0000000089180000)
 Metaspace       used 22945K, capacity 23598K, committed 23808K, reserved 1071104K
  class space    used 2859K, capacity 3057K, committed 3072K, reserved 1048576K
Event: 4.385 GC heap after
Heap after GC invocations=9 (full 1):
 PSYoungGen      total 116224K, used 5575K [0x00000000d7700000, 0x00000000dfc80000, 0x0000000100000000)
  eden space 110592K, 0% used [0x00000000d7700000,0x00000000d7700000,0x00000000de300000)
  from space 5632K, 98% used [0x00000000df700000,0x00000000dfc71d90,0x00000000dfc80000)
  to   space 7168K, 0% used [0x00000000dee80000,0x00000000dee80000,0x00000000df580000)
 ParOldGen       total 46592K, used 5986K [0x0000000086400000, 0x0000000089180000, 0x00000000d7700000)
  object space 46592K, 12% used [0x0000000086400000,0x00000000869d8a68,0x0000000089180000)
 Metaspace       used 22945K, capacity 23598K, committed 23808K, reserved 1071104K
  class space    used 2859K, capacity 3057K, committed 3072K, reserved 1048576K
}
Event: 5.415 GC heap before
{Heap before GC invocations=10 (full 1):
 PSYoungGen      total 116224K, used 116167K [0x00000000d7700000, 0x00000000dfc80000, 0x0000000100000000)
  eden space 110592K, 100% used [0x00000000d7700000,0x00000000de300000,0x00000000de300000)
  from space 5632K, 98% used [0x00000000df700000,0x00000000dfc71d90,0x00000000dfc80000)
  to   space 7168K, 0% used [0x00000000dee80000,0x00000000dee80000,0x00000000df580000)
 ParOldGen       total 46592K, used 5986K [0x0000000086400000, 0x0000000089180000, 0x00000000d7700000)
  object space 46592K, 12% used [0x0000000086400000,0x00000000869d8a68,0x0000000089180000)
 Metaspace       used 26614K, capacity 27486K, committed 27776K, reserved 1073152K
  class space    used 3391K, capacity 3595K, committed 3712K, reserved 1048576K
Event: 5.423 GC heap after
Heap after GC invocations=10 (full 1):
 PSYoungGen      total 129536K, used 7167K [0x00000000d7700000, 0x00000000e2480000, 0x0000000100000000)
  eden space 122368K, 0% used [0x00000000d7700000,0x00000000d7700000,0x00000000dee80000)
  from space 7168K, 99% used [0x00000000dee80000,0x00000000df57ff90,0x00000000df580000)
  to   space 8704K, 0% used [0x00000000e1c00000,0x00000000e1c00000,0x00000000e2480000)
 ParOldGen       total 46592K, used 7096K [0x0000000086400000, 0x0000000089180000, 0x00000000d7700000)
  object space 46592K, 15% used [0x0000000086400000,0x0000000086aee268,0x0000000089180000)
 Metaspace       used 26614K, capacity 27486K, committed 27776K, reserved 1073152K
  class space    used 3391K, capacity 3595K, committed 3712K, reserved 1048576K
}

