# JRE version: OpenJDK Runtime Environment (8.0_312-b07) (build 1.8.0_312-8u312-b07-0ubuntu1~20.04-b07)
# Java VM: OpenJDK 64-Bit Server VM (25.312-b07 mixed mode linux-amd64 compressed oops)
Heap:
 PSYoungGen      total 209920K, used 143924K [0x00000000d7700000, 0x00000000e9180000, 0x0000000100000000)
  eden space 197632K, 72% used [0x00000000d7700000,0x00000000e038d2b8,0x00000000e3800000)
  from space 12288K, 0% used [0x00000000e3800000,0x00000000e3800000,0x00000000e4400000)
  to   space 12800K, 0% used [0x00000000e8500000,0x00000000e8500000,0x00000000e9180000)
 ParOldGen       total 76288K, used 14227K [0x0000000086400000, 0x000000008ae80000, 0x00000000d7700000)
  object space 76288K, 18% used [0x0000000086400000,0x00000000871e4c08,0x000000008ae80000)
 Metaspace       used 39876K, capacity 41676K, committed 41856K, reserved 1085440K
  class space    used 5118K, capacity 5446K, committed 5504K, reserved 1048576K
GC Heap History (10 events):
Event: 5.444 GC heap before
{Heap before GC invocations=7 (full 1):
 PSYoungGen      total 132608K, used 5571K [0x00000000d7700000, 0x00000000e0000000, 0x0000000100000000)
  eden space 124928K, 0% used [0x00000000d7700000,0x00000000d7700000,0x00000000df100000)
  from space 7680K, 72% used [0x00000000df880000,0x00000000dfdf0ff0,0x00000000e0000000)
  to   space 7680K, 0% used [0x00000000df100000,0x00000000df100000,0x00000000df880000)
 ParOldGen       total 83456K, used 2508K [0x0000000086400000, 0x000000008b580000, 0x00000000d7700000)
  object space 83456K, 3% used [0x0000000086400000,0x0000000086673250,0x000000008b580000)
 Metaspace       used 20551K, capacity 21112K, committed 21296K, reserved 1069056K
  class space    used 2538K, capacity 2686K, committed 2688K, reserved 1048576K
Event: 5.576 GC heap after
Heap after GC invocations=7 (full 1):
 PSYoungGen      total 132608K, used 0K [0x00000000d7700000, 0x00000000e0000000, 0x0000000100000000)
  eden space 124928K, 0% used [0x00000000d7700000,0x00000000d7700000,0x00000000df100000)
  from space 7680K, 0% used [0x00000000df880000,0x00000000df880000,0x00000000e0000000)
  to   space 7680K, 0% used [0x00000000df100000,0x00000000df100000,0x00000000df880000)
 ParOldGen       total 48640K, used 5430K [0x0000000086400000, 0x0000000089380000, 0x00000000d7700000)
  object space 48640K, 11% used [0x0000000086400000,0x000000008694d908,0x0000000089380000)
 Metaspace       used 20549K, capacity 21106K, committed 21296K, reserved 1069056K
  class space    used 2538K, capacity 2685K, committed 2688K, reserved 1048576K
}
Event: 8.211 GC heap before
{Heap before GC invocations=8 (full 1):
 PSYoungGen      total 132608K, used 124928K [0x00000000d7700000, 0x00000000e0000000, 0x0000000100000000)
  eden space 124928K, 100% used [0x00000000d7700000,0x00000000df100000,0x00000000df100000)
  from space 7680K, 0% used [0x00000000df880000,0x00000000df880000,0x00000000e0000000)
  to   space 7680K, 0% used [0x00000000df100000,0x00000000df100000,0x00000000df880000)
 ParOldGen       total 48640K, used 5430K [0x0000000086400000, 0x0000000089380000, 0x00000000d7700000)
  object space 48640K, 11% used [0x0000000086400000,0x000000008694d908,0x0000000089380000)
 Metaspace       used 24609K, capacity 25348K, committed 25600K, reserved 1071104K
  class space    used 3103K, capacity 3302K, committed 3328K, reserved 1048576K
Event: 8.229 GC heap after
Heap after GC invocations=8 (full 1):
 PSYoungGen      total 132608K, used 7654K [0x00000000d7700000, 0x00000000e5000000, 0x0000000100000000)
  eden space 124928K, 0% used [0x00000000d7700000,0x00000000d7700000,0x00000000df100000)
  from space 7680K, 99% used [0x00000000df100000,0x00000000df879ba8,0x00000000df880000)
  to   space 9728K, 0% used [0x00000000e4680000,0x00000000e4680000,0x00000000e5000000)
 ParOldGen       total 48640K, used 7445K [0x0000000086400000, 0x0000000089380000, 0x00000000d7700000)
  object space 48640K, 15% used [0x0000000086400000,0x0000000086b45410,0x0000000089380000)
 Metaspace       used 24609K, capacity 25348K, committed 25600K, reserved 1071104K
  class space    used 3103K, capacity 3302K, committed 3328K, reserved 1048576K
}
Event: 11.895 GC heap before
{Heap before GC invocations=9 (full 1):
 PSYoungGen      total 132608K, used 132582K [0x00000000d7700000, 0x00000000e5000000, 0x0000000100000000)
  eden space 124928K, 100% used [0x00000000d7700000,0x00000000df100000,0x00000000df100000)
  from space 7680K, 99% used [0x00000000df100000,0x00000000df879ba8,0x00000000df880000)
  to   space 9728K, 0% used [0x00000000e4680000,0x00000000e4680000,0x00000000e5000000)
 ParOldGen       total 48640K, used 7445K [0x0000000086400000, 0x0000000089380000, 0x00000000d7700000)
  object space 48640K, 15% used [0x0000000086400000,0x0000000086b45410,0x0000000089380000)
 Metaspace       used 31483K, capacity 32952K, committed 33024K, reserved 1077248K
  class space    used 4028K, capacity 4312K, committed 4352K, reserved 1048576K
Event: 11.946 GC heap after
Heap after GC invocations=9 (full 1):
 PSYoungGen      total 207360K, used 9723K [0x00000000d7700000, 0x00000000e5000000, 0x0000000100000000)
  eden space 197632K, 0% used [0x00000000d7700000,0x00000000d7700000,0x00000000e3800000)
  from space 9728K, 99% used [0x00000000e4680000,0x00000000e4ffece0,0x00000000e5000000)
  to   space 12288K, 0% used [0x00000000e3800000,0x00000000e3800000,0x00000000e4400000)
 ParOldGen       total 48640K, used 10162K [0x0000000086400000, 0x0000000089380000, 0x00000000d7700000)
  object space 48640K, 20% used [0x0000000086400000,0x0000000086decb40,0x0000000089380000)
 Metaspace       used 31483K, capacity 32952K, committed 33024K, reserved 1077248K
  class space    used 4028K, capacity 4312K, committed 4352K, reserved 1048576K
}
Event: 13.466 GC heap before
{Heap before GC invocations=10 (full 1):
 PSYoungGen      total 207360K, used 58465K [0x00000000d7700000, 0x00000000e5000000, 0x0000000100000000)
  eden space 197632K, 24% used [0x00000000d7700000,0x00000000da699a20,0x00000000e3800000)
  from space 9728K, 99% used [0x00000000e4680000,0x00000000e4ffece0,0x00000000e5000000)
  to   space 12288K, 0% used [0x00000000e3800000,0x00000000e3800000,0x00000000e4400000)
 ParOldGen       total 48640K, used 10162K [0x0000000086400000, 0x0000000089380000, 0x00000000d7700000)
  object space 48640K, 20% used [0x0000000086400000,0x0000000086decb40,0x0000000089380000)
 Metaspace       used 33951K, capacity 35440K, committed 35496K, reserved 1081344K
  class space    used 4304K, capacity 4608K, committed 4608K, reserved 1048576K
Event: 13.500 GC heap after
Heap after GC invocations=10 (full 1):
 PSYoungGen      total 209920K, used 9948K [0x00000000d7700000, 0x00000000e9180000, 0x0000000100000000)
  eden space 197632K, 0% used [0x00000000d7700000,0x00000000d7700000,0x00000000e3800000)
  from space 12288K, 80% used [0x00000000e3800000,0x00000000e41b70a8,0x00000000e4400000)
  to   space 12800K, 0% used [0x00000000e8500000,0x00000000e8500000,0x00000000e9180000)
 ParOldGen       total 48640K, used 10170K [0x0000000086400000, 0x0000000089380000, 0x00000000d7700000)
  object space 48640K, 20% used [0x0000000086400000,0x0000000086deeb40,0x0000000089380000)
 Metaspace       used 33951K, capacity 35440K, committed 35496K, reserved 1081344K
  class space    used 4304K, capacity 4608K, committed 4608K, reserved 1048576K
}
Event: 13.500 GC heap before
{Heap before GC invocations=11 (full 2):
 PSYoungGen      total 209920K, used 9948K [0x00000000d7700000, 0x00000000e9180000, 0x0000000100000000)
  eden space 197632K, 0% used [0x00000000d7700000,0x00000000d7700000,0x00000000e3800000)
  from space 12288K, 80% used [0x00000000e3800000,0x00000000e41b70a8,0x00000000e4400000)
  to   space 12800K, 0% used [0x00000000e8500000,0x00000000e8500000,0x00000000e9180000)
 ParOldGen       total 48640K, used 10170K [0x0000000086400000, 0x0000000089380000, 0x00000000d7700000)
  object space 48640K, 20% used [0x0000000086400000,0x0000000086deeb40,0x0000000089380000)
 Metaspace       used 33951K, capacity 35440K, committed 35496K, reserved 1081344K
  class space    used 4304K, capacity 4608K, committed 4608K, reserved 1048576K
Event: 13.654 GC heap after
Heap after GC invocations=11 (full 2):
 PSYoungGen      total 209920K, used 0K [0x00000000d7700000, 0x00000000e9180000, 0x0000000100000000)
  eden space 197632K, 0% used [0x00000000d7700000,0x00000000d7700000,0x00000000e3800000)
  from space 12288K, 0% used [0x00000000e3800000,0x00000000e3800000,0x00000000e4400000)
  to   space 12800K, 0% used [0x00000000e8500000,0x00000000e8500000,0x00000000e9180000)
 ParOldGen       total 76288K, used 14227K [0x0000000086400000, 0x000000008ae80000, 0x00000000d7700000)
  object space 76288K, 18% used [0x0000000086400000,0x00000000871e4c08,0x000000008ae80000)
 Metaspace       used 33951K, capacity 35440K, committed 35496K, reserved 1081344K
  class space    used 4304K, capacity 4608K, committed 4608K, reserved 1048576K
}

